[INFO] Scanning for projects...
[INFO] 
[INFO] -------------------< com.bookstore:online-bookstore >-------------------
[INFO] Building Online Bookstore Management System 1.0.0-SNAPSHOT
[INFO]   from pom.xml
[INFO] --------------------------------[ jar ]---------------------------------
[WARNING] 6 problems were encountered while building the effective model for org.openjfx:javafx-controls:jar:21.0.2 during dependency collection step for project (use -X to see details)
[WARNING] The artifact mysql:mysql-connector-java:jar:8.0.33 has been relocated to com.mysql:mysql-connector-j:jar:8.0.33: MySQL Connector/J artifacts moved to reverse-DNS compliant Maven 2+ coordinates.
[INFO] 
[INFO] --- resources:3.3.1:resources (default-resources) @ online-bookstore ---
[INFO] Copying 1 resource from src\main\resources to target\classes
[INFO] 
[INFO] --- compiler:3.13.0:compile (default-compile) @ online-bookstore ---
[INFO] Nothing to compile - all classes are up to date.
[INFO] 
[INFO] --- resources:3.3.1:testResources (default-testResources) @ online-bookstore ---
[INFO] skip non existing resourceDirectory D:\数据库系统原理\上机实验\BookStore\src\test\resources
[INFO] 
[INFO] --- compiler:3.13.0:testCompile (default-testCompile) @ online-bookstore ---
[INFO] No sources to compile
[INFO] 
[INFO] --- surefire:3.5.1:test (default-test) @ online-bookstore ---
[INFO] Tests are skipped.
[INFO] 
[INFO] --- jar:3.4.1:jar (default-jar) @ online-bookstore ---
[INFO] 
[INFO] --- spring-boot:3.3.5:repackage (default) @ online-bookstore ---
[INFO] Replacing main artifact D:\数据库系统原理\上机实验\BookStore\target\online-bookstore-1.0.0-SNAPSHOT.jar with repackaged archive, adding nested dependencies in BOOT-INF/.
[INFO] The original artifact has been renamed to D:\数据库系统原理\上机实验\BookStore\target\online-bookstore-1.0.0-SNAPSHOT.jar.original
[INFO] ------------------------------------------------------------------------
[INFO] BUILD SUCCESS
[INFO] ------------------------------------------------------------------------
[INFO] Total time:  2.683 s
[INFO] Finished at: 2025-12-24T12:13:29+08:00
[INFO] ------------------------------------------------------------------------
